<?xml version="1.0" encoding="UTF-8"?>
<!-- Generated by org.testng.reporters.JUnitXMLReporter -->
<testsuite ignored="0" hostname="LAP-TZ-5X45750" failures="0" tests="4" name="Test" time="19.592" errors="0" timestamp="2026-01-23T15:15:25 IST">
  <testcase classname="SeleniumPack.TC_Pt2" name="Test4" time="0.012"/>
  <testcase classname="SeleniumPack.TC_ParallelTest" name="test3" time="8.724"/>
  <testcase classname="SeleniumPack.TC_ParallelTest" name="test2" time="9.743"/>
  <testcase classname="SeleniumPack.TC_ParallelTest" name="test1" time="19.521"/>
</testsuite> <!-- Test -->
