<?xml version="1.0" encoding="UTF-8"?>
<testng-results ignored="0" total="1" passed="1" failed="0" skipped="0">
  <reporter-output>
  </reporter-output>
  <suite started-at="2026-01-28T12:07:48 IST" name="Default suite" finished-at="2026-01-28T12:08:01 IST" duration-ms="12686">
    <groups>
    </groups>
    <test started-at="2026-01-28T12:07:48 IST" name="Default test" finished-at="2026-01-28T12:08:01 IST" duration-ms="12686">
      <class name="SeleniumPack.Lab_12">
        <test-method is-config="true" signature="setUp()[pri:0, instance:SeleniumPack.Lab_12@4116aac9]" started-at="2026-01-28T12:07:48 IST" name="setUp" finished-at="2026-01-28T12:07:51 IST" duration-ms="3480" status="PASS">
          <reporter-output>
          </reporter-output>
        </test-method> <!-- setUp -->
        <test-method signature="Lab_4()[pri:0, instance:SeleniumPack.Lab_12@4116aac9]" started-at="2026-01-28T12:07:52 IST" name="Lab_4" finished-at="2026-01-28T12:08:00 IST" duration-ms="8704" status="PASS">
          <reporter-output>
          </reporter-output>
        </test-method> <!-- Lab_4 -->
        <test-method is-config="true" signature="tearDown()[pri:0, instance:SeleniumPack.Lab_12@4116aac9]" started-at="2026-01-28T12:08:00 IST" name="tearDown" finished-at="2026-01-28T12:08:01 IST" duration-ms="442" status="PASS">
          <reporter-output>
          </reporter-output>
        </test-method> <!-- tearDown -->
      </class> <!-- SeleniumPack.Lab_12 -->
    </test> <!-- Default test -->
  </suite> <!-- Default suite -->
</testng-results>
