<?xml version="1.0" encoding="UTF-8"?>
<testng-results ignored="0" total="1" passed="1" failed="0" skipped="0">
  <reporter-output>
  </reporter-output>
  <suite started-at="2026-02-06T10:18:35 IST" name="Default suite" finished-at="2026-02-06T10:19:01 IST" duration-ms="25993">
    <groups>
    </groups>
    <test started-at="2026-02-06T10:18:35 IST" name="Default test" finished-at="2026-02-06T10:19:01 IST" duration-ms="25993">
      <class name="SeleniumPack.appium">
        <test-method signature="f()[pri:0, instance:SeleniumPack.appium@815b41f]" started-at="2026-02-06T10:18:35 IST" name="f" finished-at="2026-02-06T10:19:01 IST" duration-ms="25933" status="PASS">
          <reporter-output>
          </reporter-output>
        </test-method> <!-- f -->
      </class> <!-- SeleniumPack.appium -->
    </test> <!-- Default test -->
  </suite> <!-- Default suite -->
</testng-results>
