<?xml version="1.0" encoding="UTF-8"?>
<!-- Generated by org.testng.reporters.JUnitReportReporter -->
<testsuite hostname="LAP-TZ-5X45750" failures="0" tests="3" name="SeleniumPack.TC_ParallelTest" time="40.121" errors="0" timestamp="2026-01-23T15:10:11 IST" skipped="0">
  <testcase classname="SeleniumPack.TC_ParallelTest" name="test3" time="11.975"/>
  <testcase classname="SeleniumPack.TC_ParallelTest" name="test1" time="20.503"/>
  <testcase classname="SeleniumPack.TC_ParallelTest" name="test2" time="7.643"/>
</testsuite> <!-- SeleniumPack.TC_ParallelTest -->
