<?xml version="1.0" encoding="UTF-8"?>
<!-- Generated by org.testng.reporters.JUnitReportReporter -->
<testsuite hostname="LAP-TZ-5X45750" failures="0" tests="2" name="SeleniumPack.TC_TestNGTest_PageFactory" time="38.072" errors="0" timestamp="2026-01-27T11:39:15 IST" skipped="0">
  <testcase classname="SeleniumPack.TC_TestNGTest_PageFactory" name="f" time="17.491"/>
  <testcase classname="SeleniumPack.TC_TestNGTest_PageFactory" name="f" time="20.581"/>
</testsuite> <!-- SeleniumPack.TC_TestNGTest_PageFactory -->
