<?xml version="1.0" encoding="UTF-8"?>
<!-- Generated by org.testng.reporters.JUnitReportReporter -->
<testsuite hostname="LAP-TZ-5X45750" failures="0" tests="4" name="RestAPITesting.User_Crud" time="4.976" errors="0" timestamp="2026-01-31T10:15:22 IST" skipped="0">
  <testcase classname="RestAPITesting.User_Crud" name="postuser1" time="3.828"/>
  <testcase classname="RestAPITesting.User_Crud" name="putuser" time="0.388"/>
  <testcase classname="RestAPITesting.User_Crud" name="patchuser" time="0.401"/>
  <testcase classname="RestAPITesting.User_Crud" name="deleteuser" time="0.359"/>
</testsuite> <!-- RestAPITesting.User_Crud -->
